<?xml version="1.0" encoding="UTF-8"?>
<!-- Generated by org.testng.reporters.JUnitReportReporter -->
<testsuite skipped="0" hostname="kushal-PC" name="windowHandles.tabClick" tests="3" failures="0" timestamp="22 Dec 2021 17:52:08 GMT" time="30.170" errors="0">
  <testcase name="greenkartHome" time="3.979" classname="windowHandles.tabClick"/>
  <testcase name="documentpage" time="18.977" classname="windowHandles.tabClick"/>
  <testcase name="javaAlert" time="7.214" classname="windowHandles.tabClick"/>
</testsuite> <!-- windowHandles.tabClick -->
